Scenario - 
Logfile written - 05/24/2014 21:58:28

Subject	Trial	Event Type	Code	Time	TTime	Uncertainty	Duration	Uncertainty	ReqTime	ReqDur	Stim Type	Pair Index

NY453_PM	1	Sound	2	-1728	7500	5			7500		other	0
NY453_PM	2	Sound	14	30780	0	5			0		other	0
NY453_PM	2	Picture	0	38888	8108	1	2981	2	8000	next	other	0
NY453_PM	2	Response	64	55745	24965	2
NY453_PM	2	Response	64	69782	39002	1
NY453_PM	2	Response	64	84969	54189	1
NY453_PM	2	Response	64	97415	66635	2
NY453_PM	2	Response	64	112247	81467	1
NY453_PM	3	Sound	2	117592	5180	5			5180		other	0
NY453_PM	4	Sound	11	152419	0	5			0		other	0
NY453_PM	4	Picture	0	160514	8095	2	2981	4	8000	next	other	0
NY453_PM	4	Response	64	185663	33244	2
NY453_PM	4	Response	64	201659	49240	2
NY453_PM	4	Response	64	215907	63488	1
NY453_PM	4	Response	64	229381	76962	1
NY453_PM	4	Response	64	240155	87736	1
NY453_PM	5	Sound	2	249517	9310	4			9310		other	0
NY453_PM	6	Sound	1	280214	0	5			0		other	0
NY453_PM	6	Picture	0	288301	8087	2	2981	4	8000	next	other	0
NY453_PM	6	Response	64	372024	91810	1
NY453_PM	6	Response	64	389636	109422	2
NY453_PM	6	Response	64	403120	122906	1
NY453_PM	6	Response	64	416375	136161	1
NY453_PM	6	Response	64	428720	148506	1
NY453_PM	7	Sound	2	434157	5350	4			5350		other	0
NY453_PM	8	Sound	8	468816	0	6			0		other	0
NY453_PM	8	Picture	0	476901	8085	2	2981	4	8000	next	other	0
NY453_PM	8	Response	64	505101	36285	1
NY453_PM	8	Response	64	520678	51862	1
NY453_PM	8	Response	64	534476	65660	1
NY453_PM	8	Response	64	547059	78243	2
NY453_PM	8	Response	64	558395	89579	2
NY453_PM	9	Sound	2	565620	7060	4			7060		other	0
NY453_PM	10	Sound	5	598570	0	5			0		other	0
NY453_PM	10	Picture	0	606676	8106	1	2981	2	8000	next	other	0
NY453_PM	10	Response	64	619947	21377	1
NY453_PM	10	Response	64	633451	34881	2
NY453_PM	10	Response	64	646841	48271	1
NY453_PM	10	Response	64	661014	62444	1
NY453_PM	10	Response	64	673162	74592	1
NY453_PM	11	Sound	2	681572	8320	4			8320		other	0
NY453_PM	12	Sound	5	713257	0	5			0		other	0
NY453_PM	12	Picture	0	721346	8089	2	2981	3	8000	next	other	0
NY453_PM	12	Response	64	749102	35845	1
NY453_PM	12	Response	64	764416	51159	2
NY453_PM	12	Response	64	778966	65709	2
NY453_PM	12	Response	64	792764	79507	1
NY453_PM	12	Response	64	805882	92625	1
NY453_PM	13	Sound	2	813668	7660	4			7660		other	0
NY453_PM	14	Sound	2	846018	0	5			0		other	0
NY453_PM	14	Picture	0	854102	8084	1	2981	2	8000	next	other	0
NY453_PM	14	Response	64	870185	24167	2
NY453_PM	14	Response	64	883796	37778	2
NY453_PM	14	Response	64	898483	52465	1
NY453_PM	14	Response	64	913200	67182	1
NY453_PM	14	Response	64	928557	82539	1
NY453_PM	15	Sound	2	936528	7900	4			7900		other	0
NY453_PM	16	Sound	15	968636	0	6			0		other	0
NY453_PM	16	Picture	0	976722	8086	1	2981	2	8000	next	other	0
NY453_PM	16	Response	64	989147	20511	1
NY453_PM	16	Response	64	1004695	36059	2
NY453_PM	16	Response	64	1019849	51213	1
NY453_PM	16	Response	64	1035142	66506	2
NY453_PM	16	Response	64	1050209	81573	1
NY453_PM	17	Sound	2	1056474	6220	4			6220		other	0
NY453_PM	18	Sound	7	1090260	0	5			0		other	0
NY453_PM	18	Picture	0	1098348	8088	1	2981	2	8000	next	other	0
NY453_PM	18	Response	64	1111174	20914	1
NY453_PM	18	Response	64	1124040	33780	2
NY453_PM	18	Response	64	1139755	49495	1
NY453_PM	18	Response	64	1154990	64730	1
NY453_PM	18	Response	64	1169482	79222	2
NY453_PM	19	Sound	2	1174981	5310	4			5310		other	0
NY453_PM	20	Sound	5	1209678	0	5			0		other	0
NY453_PM	20	Picture	0	1217788	8110	1	2981	2	8000	next	other	0
NY453_PM	20	Response	64	1234445	24767	2
NY453_PM	20	Response	64	1249779	40101	2
NY453_PM	20	Response	64	1262082	52404	2
NY453_PM	20	Response	64	1277346	67668	1
NY453_PM	20	Response	64	1291023	81345	2
NY453_PM	21	Sound	2	1298462	7340	4			7340		other	0
NY453_PM	22	Sound	13	1331132	0	5			0		other	0
NY453_PM	22	Picture	0	1339216	8084	1	2981	2	8000	next	other	0
NY453_PM	22	Response	64	1358646	27514	2
NY453_PM	22	Response	64	1371251	40119	3
NY453_PM	22	Response	64	1384525	53393	2
NY453_PM	22	Response	64	1398095	66963	1
NY453_PM	22	Response	64	1410346	79214	1
NY453_PM	23	Sound	2	1418983	8620	4			8620		other	0
NY453_PM	24	Sound	4	1450370	0	5			0		other	0
NY453_PM	24	Picture	0	1458457	8087	1	2981	2	8000	next	other	0
NY453_PM	24	Response	64	1471730	21360	1
NY453_PM	24	Response	64	1485700	35330	2
NY453_PM	24	Response	64	1499044	48674	1
NY453_PM	24	Response	64	1514397	64027	1
NY453_PM	24	Response	64	1526509	76139	1
NY453_PM	25	Sound	2	1534584	7960	4			7960		other	0
NY453_PM	26	Sound	5	1566631	0	10			0		other	0
NY453_PM	26	Picture	0	1574718	8087	1	2981	2	8000	next	other	0
NY453_PM	26	Response	64	1586638	20007	2
NY453_PM	26	Response	64	1601004	34373	2
NY453_PM	26	Response	64	1615085	48454	1
NY453_PM	26	Response	64	1627920	61289	2
NY453_PM	26	Response	64	1641850	75219	1
NY453_PM	27	Sound	2	1651300	9410	5			9410		other	0
NY453_PM	28	Sound	3	1681897	0	5			0		other	0
NY453_PM	28	Picture	0	1689984	8087	2	2981	4	8000	next	other	0
NY453_PM	28	Response	64	1701349	19452	2
NY453_PM	28	Response	64	1715864	33967	1
NY453_PM	28	Response	64	1729226	47329	1
NY453_PM	28	Response	64	1741796	59899	1
NY453_PM	28	Response	64	1753465	71568	1
NY453_PM	29	Sound	2	1759160	5580	4			5580		other	0
NY453_PM	30	Sound	10	1793587	0	5			0		other	0
NY453_PM	30	Picture	0	1801674	8087	1	2981	2	8000	next	other	0
NY453_PM	30	Response	64	1814119	20532	2
NY453_PM	30	Response	64	1826913	33326	1
NY453_PM	30	Response	64	1840885	47298	2
NY453_PM	30	Response	64	1854548	60961	1
NY453_PM	30	Response	64	1867387	73800	1
NY453_PM	31	Sound	2	1873915	6460	4			6460		other	0
NY453_PM	32	Sound	9	1907462	0	5			0		other	0
NY453_PM	32	Picture	0	1915550	8088	1	2981	2	8000	next	other	0
NY453_PM	32	Response	64	1929783	22321	2
NY453_PM	32	Response	64	1944457	36995	1
NY453_PM	32	Response	64	1957004	49542	1
NY453_PM	32	Response	64	1971788	64326	1
NY453_PM	32	Response	64	1986534	79072	2
NY453_PM	33	Sound	2	1994347	7650	4			7650		other	0
NY453_PM	34	Sound	9	2026702	0	5			0		other	0
NY453_PM	34	Picture	0	2034791	8089	1	2981	2	8000	next	other	0
NY453_PM	34	Response	64	2058054	31352	2
NY453_PM	34	Response	64	2075356	48654	1
NY453_PM	34	Response	64	2091597	64895	2
NY453_PM	34	Response	64	2105909	79207	2
NY453_PM	34	Response	64	2120725	94023	2
NY453_PM	35	Sound	2	2128784	7940	4			7940		other	0
NY453_PM	36	Sound	13	2160851	0	6			0		other	0
NY453_PM	36	Picture	0	2168938	8087	1	2981	2	8000	next	other	0
NY453_PM	36	Response	64	2186082	25231	2
NY453_PM	36	Response	64	2202740	41889	1
NY453_PM	36	Response	64	2217647	56796	2
NY453_PM	36	Response	64	2231494	70643	2
NY453_PM	36	Response	64	2244008	83157	2
NY453_PM	37	Sound	2	2250220	6160	9			6160		other	0
NY453_PM	38	Sound	9	2284067	0	5			0		other	0
NY453_PM	38	Picture	0	2292154	8087	1	2981	2	8000	next	other	0
NY453_PM	38	Response	64	2306276	22209	2
NY453_PM	38	Response	64	2319716	35649	2
NY453_PM	38	Response	64	2332508	48441	1
NY453_PM	38	Response	64	2347000	62933	1
NY453_PM	38	Response	64	2359683	75616	2
NY453_PM	39	Sound	2	2366574	6850	4			6850		other	0
NY453_PM	40	Sound	7	2399730	0	5			0		other	0
NY453_PM	40	Picture	0	2407818	8088	1	2981	2	8000	next	other	0
NY453_PM	40	Response	64	2420521	20791	2
NY453_PM	40	Response	64	2434630	34900	1
NY453_PM	40	Response	64	2447502	47772	2
NY453_PM	40	Response	64	2462211	62481	1
NY453_PM	40	Response	64	2474267	74537	1
NY453_PM	41	Sound	2	2479825	5430	4			5430		other	0
NY453_PM	42	Sound	12	2514402	0	5			0		other	0
NY453_PM	42	Picture	0	2522489	8087	1	2981	2	8000	next	other	0
NY453_PM	42	Response	64	2534773	20371	2
NY453_PM	42	Response	64	2550474	36072	2
NY453_PM	42	Response	64	2564963	50561	2
NY453_PM	42	Response	64	2578307	63905	1
NY453_PM	42	Response	64	2590880	76478	1
NY453_PM	43	Sound	2	2598845	7800	4			7800		other	0
NY453_PM	44	Sound	15	2631051	0	7			0		other	0
NY453_PM	44	Picture	0	2639147	8096	1	2981	2	8000	next	other	0
NY453_PM	44	Response	64	2648883	17832	2
NY453_PM	44	Response	64	2663236	32185	2
NY453_PM	44	Response	64	2675835	44784	1
NY453_PM	44	Response	64	2688078	57027	1
NY453_PM	44	Response	64	2700861	69810	1
NY453_PM	45	Sound	2	2710184	9230	4			9230		other	0
NY453_PM	46	Sound	10	2740960	0	6			0		other	0
NY453_PM	46	Picture	0	2749048	8088	1	2981	2	8000	next	other	0
NY453_PM	46	Response	64	2760609	19649	1
NY453_PM	46	Response	64	2774203	33243	1
NY453_PM	46	Response	64	2788963	48003	2
NY453_PM	46	Response	64	2803636	62676	2
NY453_PM	46	Response	64	2819825	78865	1
NY453_PM	47	Sound	2	2829320	9330	4			9330		other	0
NY453_PM	48	Sound	1	2859997	0	5			0		other	0
NY453_PM	48	Picture	0	2868091	8094	1	2981	2	8000	next	other	0
NY453_PM	48	Response	64	2880048	20051	2
NY453_PM	48	Response	64	2896789	36792	1
NY453_PM	48	Response	64	2911480	51483	2
NY453_PM	48	Response	64	2926115	66118	2
NY453_PM	48	Response	64	2945937	85940	1
NY453_PM	49	Sound	2	2955425	9430	4			9430		other	0
NY453_PM	50	Sound	12	2986001	0	6			0		other	0
NY453_PM	50	Picture	0	2994089	8088	1	2981	2	8000	next	other	0
NY453_PM	50	Response	64	3006042	20041	1
NY453_PM	50	Response	64	3021967	35966	1
NY453_PM	50	Response	64	3036301	50300	2
NY453_PM	50	Response	64	3050934	64933	2
NY453_PM	50	Response	64	3066038	80037	1
NY453_PM	51	Sound	2	3074127	7920	4			7920		other	0
NY453_PM	52	Sound	3	3106213	0	6			0		other	0
NY453_PM	52	Picture	0	3114324	8111	2	2981	4	8000	next	other	0
NY453_PM	52	Response	64	3124079	17866	2
NY453_PM	52	Response	64	3138920	32707	1
NY453_PM	52	Response	64	3156291	50078	1
NY453_PM	52	Response	64	3172712	66499	2
NY453_PM	52	Response	64	3190070	83857	1
NY453_PM	53	Sound	2	3199805	9570	5			9570		other	0
NY453_PM	54	Sound	6	3230241	0	5			0		other	0
NY453_PM	54	Picture	0	3238335	8094	2	2982	3	8000	next	other	0
NY453_PM	54	Response	64	3250234	19993	2
NY453_PM	54	Response	64	3264853	34612	2
NY453_PM	54	Response	64	3279212	48971	1
NY453_PM	54	Response	64	3294245	64004	1
NY453_PM	54	Response	64	3307385	77144	1
NY453_PM	55	Sound	2	3317306	9810	4			9810		other	0
NY453_PM	56	Sound	10	3347503	0	5			0		other	0
NY453_PM	56	Picture	0	3355590	8087	1	2981	2	8000	next	other	0
NY453_PM	56	Response	64	3368230	20727	1
NY453_PM	56	Response	64	3383204	35701	2
NY453_PM	56	Response	64	3398242	50739	1
NY453_PM	56	Response	64	3411657	64154	2
NY453_PM	56	Response	64	3425851	78348	2
NY453_PM	57	Sound	2	3432032	6090	4			6090		other	0
NY453_PM	58	Sound	11	3465949	0	5			0		other	0
NY453_PM	58	Picture	0	3474036	8087	2	2981	4	8000	next	other	0
NY453_PM	58	Response	64	3485975	20026	2
NY453_PM	58	Response	64	3501851	35902	1
NY453_PM	58	Response	64	3516768	50819	2
NY453_PM	58	Response	64	3532891	66942	1
NY453_PM	58	Response	64	3548312	82363	2
NY453_PM	59	Sound	2	3556194	7830	4			7830		other	0
NY453_PM	60	Sound	7	3588370	0	5			0		other	0
NY453_PM	60	Picture	0	3596458	8088	1	2981	2	8000	next	other	0
NY453_PM	60	Response	64	3611188	22818	2
NY453_PM	60	Response	64	3625716	37346	2
NY453_PM	60	Response	64	3641752	53382	1
NY453_PM	60	Response	64	3656942	68572	1
NY453_PM	60	Response	64	3671494	83124	2
NY453_PM	61	Sound	2	3677820	6240	4			6240		other	0
NY453_PM	62	Sound	2	3711587	0	5			0		other	0
NY453_PM	62	Picture	0	3719674	8087	1	2981	2	8000	next	other	0
NY453_PM	62	Response	64	3729966	18379	2
NY453_PM	62	Response	64	3743300	31713	1
NY453_PM	62	Response	64	3760364	48777	2
NY453_PM	62	Response	64	3774594	63007	2
NY453_PM	62	Response	64	3787761	76174	1
NY453_PM	63	Sound	2	3794710	6870	4			6870		other	0
NY453_PM	64	Sound	10	3827847	0	5			0		other	0
NY453_PM	64	Picture	0	3835934	8087	2	2982	3	8000	next	other	0
NY453_PM	64	Response	64	3846701	18854	2
NY453_PM	64	Response	64	3860059	32212	2
NY453_PM	64	Response	64	3891416	63569	2
NY453_PM	64	Response	64	3912568	84721	1
NY453_PM	64	Response	64	3939881	112034	1
NY453_PM	65	Sound	2	3946129	6080	4			6080		other	0
NY453_PM	66	Sound	14	3980057	0	5			0		other	0
NY453_PM	66	Picture	0	3988166	8109	1	2981	2	8000	next	other	0
NY453_PM	66	Response	64	4000052	19995	2
NY453_PM	66	Response	64	4014784	34727	2
NY453_PM	66	Response	64	4028130	48073	1
NY453_PM	66	Response	64	4041830	61773	1
NY453_PM	66	Response	64	4056682	76625	1
NY453_PM	67	Sound	2	4065660	8930	5			8930		other	0
NY453_PM	68	Sound	8	4096736	0	6			0		other	0
NY453_PM	68	Picture	0	4104824	8088	1	2981	2	8000	next	other	0
NY453_PM	68	Response	64	4115478	18742	1
NY453_PM	68	Response	64	4131915	35179	1
NY453_PM	68	Response	64	4151524	54788	2
NY453_PM	68	Response	64	4168781	72045	1
NY453_PM	68	Response	64	4185633	88897	2
NY453_PM	69	Sound	2	4192890	7180	4			7180		other	0
NY453_PM	70	Sound	2	4225717	0	5			0		other	0
NY453_PM	70	Picture	0	4233804	8087	1	2981	2	8000	next	other	0
NY453_PM	70	Response	64	4245382	19665	2
NY453_PM	70	Response	64	4258199	32482	2
NY453_PM	70	Response	64	4271184	45467	1
NY453_PM	70	Response	64	4282712	56995	1
NY453_PM	70	Response	64	4295141	69424	2
NY453_PM	71	Sound	2	4303773	8560	4			8560		other	0
NY453_PM	72	Sound	1	4335220	0	5			0		other	0
NY453_PM	72	Picture	0	4343307	8087	2	2981	3	8000	next	other	0
NY453_PM	72	Response	64	4355901	20681	1
NY453_PM	72	Response	64	4369997	34777	1
NY453_PM	72	Response	64	4383392	48172	1
NY453_PM	72	Response	64	4396700	61480	1
NY453_PM	72	Response	64	4410779	75559	1
NY453_PM	73	Sound	2	4415927	5050	4			5050		other	0
NY453_PM	74	Sound	6	4450884	0	5			0		other	0
NY453_PM	74	Picture	0	4458972	8088	1	2981	2	8000	next	other	0
NY453_PM	74	Response	64	4471414	20530	1
NY453_PM	74	Response	64	4485756	34872	1
NY453_PM	74	Response	64	4500130	49246	1
NY453_PM	74	Response	64	4515006	64122	2
NY453_PM	74	Response	64	4530316	79432	1
NY453_PM	75	Sound	2	4536703	6210	4			6210		other	0
NY453_PM	76	Sound	3	4570499	0	5			0		other	0
NY453_PM	76	Picture	0	4578611	8112	1	2981	2	8000	next	other	0
NY453_PM	76	Response	64	4590205	19706	2
NY453_PM	76	Response	64	4606858	36359	1
NY453_PM	76	Response	64	4621962	51463	1
NY453_PM	76	Response	64	4639945	69446	1
NY453_PM	76	Response	64	4654636	84137	1
NY453_PM	77	Sound	2	4660226	5500	4			5500		other	0
NY453_PM	78	Sound	1	4694733	0	5			0		other	0
NY453_PM	78	Picture	0	4702821	8088	1	2981	2	8000	next	other	0
NY453_PM	78	Response	64	4714982	20249	2
NY453_PM	78	Response	64	4730638	35905	2
NY453_PM	78	Response	64	4742953	48220	2
NY453_PM	78	Response	64	4757462	62729	1
NY453_PM	78	Response	64	4773012	78279	1
NY453_PM	79	Sound	2	4779363	6190	4			6190		other	0
NY453_PM	80	Sound	4	4813179	0	5			0		other	0
NY453_PM	80	Picture	0	4821267	8088	1	2981	2	8000	next	other	0
NY453_PM	80	Response	64	4832334	19155	1
NY453_PM	80	Response	64	4844536	31357	1
NY453_PM	80	Response	64	4859476	46297	2
NY453_PM	80	Response	64	4872458	59279	2
NY453_PM	80	Response	64	4887458	74279	1
NY453_PM	81	Sound	2	4894933	7310	4			7310		other	0
NY453_PM	82	Sound	7	4927629	0	5			0		other	0
NY453_PM	82	Picture	0	4935739	8110	1	2981	2	8000	next	other	0
NY453_PM	82	Response	64	4946003	18374	1
NY453_PM	82	Response	64	4958745	31116	1
NY453_PM	82	Response	64	4974810	47181	2
NY453_PM	82	Response	64	4989771	62142	2
NY453_PM	82	Response	64	5005538	77909	1
NY453_PM	83	Sound	2	5012894	7200	5			7200		other	0
NY453_PM	84	Sound	6	5045700	0	5			0		other	0
NY453_PM	84	Picture	0	5053788	8088	2	2981	3	8000	next	other	0
NY453_PM	84	Response	64	5065005	19305	2
NY453_PM	84	Response	64	5081897	36197	1
NY453_PM	84	Response	64	5099399	53699	2
NY453_PM	84	Response	64	5114554	68854	1
NY453_PM	84	Response	64	5130359	84659	1
NY453_PM	85	Sound	2	5135550	5050	4			5050		other	0
NY453_PM	86	Sound	11	5170506	0	5			0		other	0
NY453_PM	86	Picture	0	5178594	8088	2	2981	4	8000	next	other	0
NY453_PM	86	Response	64	5206222	35716	1
NY453_PM	86	Response	64	5225548	55042	2
NY453_PM	86	Response	64	5240665	70159	2
NY453_PM	86	Response	64	5253957	83451	1
NY453_PM	86	Response	64	5267948	97442	2
NY453_PM	87	Sound	2	5275876	7850	4			7850		other	0
NY453_PM	88	Sound	13	5308033	0	5			0		other	0
NY453_PM	88	Picture	0	5316120	8087	1	2981	2	8000	next	other	0
NY453_PM	88	Response	64	5329667	21634	2
NY453_PM	88	Response	64	5344769	36736	1
NY453_PM	88	Response	64	5357673	49640	1
NY453_PM	88	Response	64	5370959	62926	1
NY453_PM	88	Response	64	5383810	75777	2
NY453_PM	89	Sound	2	5391739	7850	4			7850		other	0
NY453_PM	90	Sound	9	5423896	0	5			0		other	0
NY453_PM	90	Picture	0	5431983	8087	1	2981	2	8000	next	other	0
NY453_PM	90	Response	64	5443391	19495	2
NY453_PM	90	Response	64	5456326	32430	1
NY453_PM	90	Response	64	5470264	46368	2
NY453_PM	90	Response	64	5484003	60107	2
NY453_PM	90	Response	64	5497263	73367	1
NY453_PM	91	Sound	2	5505777	8410	4			8410		other	0
NY453_PM	92	Sound	4	5537373	0	6			0		other	0
NY453_PM	92	Picture	0	5545461	8088	1	2981	2	8000	next	other	0
NY453_PM	92	Response	64	5560097	22724	1
NY453_PM	92	Response	64	5574226	36853	1
NY453_PM	92	Response	64	5588243	50870	1
NY453_PM	92	Response	64	5616780	79407	2
NY453_PM	92	Response	64	5642368	104995	1
NY453_PM	93	Sound	2	5648734	6290	4			6290		other	0
NY453_PM	94	Sound	8	5682450	0	6			0		other	0
NY453_PM	94	Picture	0	5690538	8088	2	2981	4	8000	next	other	0
NY453_PM	94	Response	64	5702031	19581	1
NY453_PM	94	Response	64	5715308	32858	2
NY453_PM	94	Response	64	5730252	47802	1
NY453_PM	94	Response	64	5746211	63761	2
NY453_PM	94	Response	64	5761605	79155	2
NY453_PM	95	Sound	2	5767276	5590	4			5590		other	0
NY453_PM	96	Sound	8	5801691	0	5			0		other	0
NY453_PM	96	Picture	0	5809780	8089	1	2981	2	8000	next	other	0
NY453_PM	96	Response	64	5908029	106338	2
NY453_PM	96	Response	64	5923858	122167	2
NY453_PM	96	Response	64	5939087	137396	2
NY453_PM	96	Response	64	5953947	152256	2
NY453_PM	96	Response	64	5967205	165514	1
NY453_PM	97	Sound	2	5972921	5550	4			5550		other	0
NY453_PM	98	Sound	6	6007377	0	6			0		other	0
NY453_PM	98	Picture	0	6015472	8095	1	2981	2	8000	next	other	0
NY453_PM	98	Response	64	6028903	21526	1
NY453_PM	98	Response	64	6042334	34957	2
NY453_PM	98	Response	64	6055291	47914	1
NY453_PM	98	Response	64	6067986	60609	1
NY453_PM	98	Response	64	6082169	74792	2
NY453_PM	99	Sound	2	6090297	8050	4			8050		other	0
NY453_PM	100	Sound	4	6122254	0	6			0		other	0
NY453_PM	100	Picture	0	6130341	8087	1	2981	2	8000	next	other	0
NY453_PM	100	Response	64	6142483	20229	2
NY453_PM	100	Response	64	6155552	33298	2
NY453_PM	100	Response	64	6168299	46045	1
NY453_PM	100	Response	64	6180319	58065	1
NY453_PM	100	Response	64	6192176	69922	1
NY453_PM	101	Sound	2	6200571	8230	4			8230		other	0
NY453_PM	102	Sound	15	6232347	0	6			0		other	0
NY453_PM	102	Picture	0	6240441	8094	1	2981	2	8000	next	other	0
NY453_PM	102	Response	64	6250387	18040	1
NY453_PM	102	Response	64	6280001	47654	1
NY453_PM	102	Response	64	6294707	62360	1
NY453_PM	102	Response	64	6309395	77048	1
NY453_PM	102	Response	64	6335974	103627	1
NY453_PM	103	Sound	2	6345693	9660	4			9660		other	0
NY453_PM	104	Sound	11	6376039	0	5			0		other	0
NY453_PM	104	Picture	0	6384127	8088	1	2981	2	8000	next	other	0
NY453_PM	104	Response	64	6397216	21177	2
NY453_PM	104	Response	64	6411102	35063	1
NY453_PM	104	Response	64	6428569	52530	1
NY453_PM	104	Response	64	6445020	68981	1
NY453_PM	104	Response	64	6459514	83475	2
NY453_PM	105	Sound	2	6467997	8350	5			8350		other	0
NY453_PM	106	Sound	14	6499654	0	6			0		other	0
NY453_PM	106	Picture	0	6507741	8087	1	2981	2	8000	next	other	0
NY453_PM	106	Response	64	6519750	20096	2
NY453_PM	106	Response	64	6534934	35280	1
NY453_PM	106	Response	64	6553259	53605	2
NY453_PM	106	Response	64	6569873	70219	1
NY453_PM	106	Response	64	6583680	84026	2
NY453_PM	107	Sound	2	6591236	7390	4			7390		other	0
NY453_PM	108	Sound	3	6623853	0	6			0		other	0
NY453_PM	108	Picture	0	6631951	8098	1	2981	2	8000	next	other	0
NY453_PM	108	Response	64	6644039	20186	1
NY453_PM	108	Response	64	6659828	35975	1
NY453_PM	108	Response	64	6684209	60356	2
NY453_PM	108	Response	64	6696060	72207	2
NY453_PM	108	Response	64	6716502	92649	2
NY453_PM	109	Sound	2	6721822	5210	4			5210		other	0
NY453_PM	110	Sound	12	6756619	0	5			0		other	0
NY453_PM	110	Picture	0	6764706	8087	2	2981	3	8000	next	other	0
NY453_PM	110	Response	64	6774773	18154	1
NY453_PM	110	Response	64	6787472	30853	1
NY453_PM	110	Response	64	6801006	44387	1
NY453_PM	110	Response	64	6812245	55626	1
NY453_PM	110	Response	64	6824834	68215	2
NY453_PM	111	Sound	2	6834463	9540	4			9540		other	0
NY453_PM	112	Sound	14	6864930	0	5			0		other	0
NY453_PM	112	Picture	0	6873017	8087	2	2981	4	8000	next	other	0
NY453_PM	112	Response	64	6885156	20226	2
NY453_PM	112	Response	64	6900393	35463	1
NY453_PM	112	Response	64	6914093	49163	1
NY453_PM	112	Response	64	6926829	61899	1
NY453_PM	112	Response	64	6941687	76757	1
NY453_PM	113	Sound	2	6949680	7900	5			7900		other	0
NY453_PM	114	Sound	12	6981786	0	6			0		other	0
NY453_PM	114	Picture	0	6989874	8088	1	2981	2	8000	next	other	0
NY453_PM	114	Response	64	7002192	20406	2
NY453_PM	114	Response	64	7014869	33083	1
NY453_PM	114	Response	64	7026682	44896	1
NY453_PM	114	Response	64	7038325	56539	1
NY453_PM	114	Response	64	7051400	69614	2
NY453_PM	115	Sound	2	7058202	6720	4			6720		other	0
NY453_PM	116	Sound	15	7091488	0	6			0		other	0
NY453_PM	116	Picture	0	7099576	8088	2	2981	4	8000	next	other	0
NY453_PM	116	Response	64	7110043	18555	2
NY453_PM	116	Response	64	7123591	32103	2
NY453_PM	116	Response	64	7136523	45035	2
NY453_PM	116	Response	64	7151466	59978	1
NY453_PM	116	Response	64	7163513	72025	1
NY453_PM	117	Sound	2	7173179	9610	4			9610		other	0
NY453_PM	118	Sound	2	7203575	0	6			0		other	0
NY453_PM	118	Picture	0	7211663	8088	2	2982	3	8000	next	other	0
NY453_PM	118	Response	64	7225928	22353	2
NY453_PM	118	Response	64	7239906	36331	1
NY453_PM	118	Response	64	7253419	49844	2
NY453_PM	118	Response	64	7266744	63169	2
NY453_PM	118	Response	64	7280948	77373	1
NY453_PM	119	Sound	2	7288012	6990	4			6990		other	0
NY453_PM	120	Sound	13	7321029	0	5			0		other	0
NY453_PM	120	Picture	0	7329117	8088	1	2981	2	8000	next	other	0
NY453_PM	120	Response	64	7340090	19061	1
NY453_PM	120	Response	64	7355726	34697	1
NY453_PM	120	Response	64	7368586	47557	1
NY453_PM	120	Response	64	7381671	60642	2
NY453_PM	120	Response	64	7394395	73366	2
NY453_PM	121	Sound	2	7402751	8250	4			8250		other	0
